<?xml version="1.0" encoding="UTF-8"?>
<!-- Generated by org.testng.reporters.JUnitXMLReporter -->
<testsuite ignored="0" hostname="DESKTOP-LA9THFC" failures="0" tests="3" name="Default test" time="62.745" errors="0" timestamp="2022-03-14T01:38:35 IST">
  <testcase classname="firstMavenProject.OrangeHrmLogin" name="Login" time="11.719"/>
  <testcase classname="firstMavenProject.OrangeHrmLogin" name="VerifyAdmin" time="8.05"/>
  <testcase classname="firstMavenProject.OrangeHrmLogin" name="VerifyForgotPass" time="5.676"/>
</testsuite> <!-- Default test -->
