<?xml version="1.0" encoding="UTF-8"?>
<testng-results ignored="0" total="3" passed="3" failed="0" skipped="0">
  <reporter-output>
  </reporter-output>
  <suite started-at="2022-03-14T01:37:32 IST" name="Default suite" finished-at="2022-03-14T01:38:35 IST" duration-ms="62745">
    <groups>
    </groups>
    <test started-at="2022-03-14T01:37:32 IST" name="Default test" finished-at="2022-03-14T01:38:35 IST" duration-ms="62745">
      <class name="firstMavenProject.OrangeHrmLogin">
        <test-method is-config="true" signature="OpenBrowser()[pri:0, instance:firstMavenProject.OrangeHrmLogin@57cf54e1]" started-at="2022-03-14T01:37:32 IST" name="OpenBrowser" finished-at="2022-03-14T01:38:06 IST" duration-ms="33463" status="PASS">
          <reporter-output>
          </reporter-output>
        </test-method> <!-- OpenBrowser -->
        <test-method signature="Login()[pri:0, instance:firstMavenProject.OrangeHrmLogin@57cf54e1]" started-at="2022-03-14T01:38:06 IST" name="Login" finished-at="2022-03-14T01:38:18 IST" duration-ms="11719" status="PASS">
          <reporter-output>
          </reporter-output>
        </test-method> <!-- Login -->
        <test-method signature="VerifyAdmin()[pri:0, instance:firstMavenProject.OrangeHrmLogin@57cf54e1]" started-at="2022-03-14T01:38:18 IST" name="VerifyAdmin" finished-at="2022-03-14T01:38:26 IST" duration-ms="8050" status="PASS">
          <reporter-output>
          </reporter-output>
        </test-method> <!-- VerifyAdmin -->
        <test-method signature="VerifyForgotPass()[pri:0, instance:firstMavenProject.OrangeHrmLogin@57cf54e1]" started-at="2022-03-14T01:38:26 IST" name="VerifyForgotPass" finished-at="2022-03-14T01:38:32 IST" duration-ms="5676" status="PASS">
          <reporter-output>
          </reporter-output>
        </test-method> <!-- VerifyForgotPass -->
        <test-method is-config="true" signature="Teardown()[pri:0, instance:firstMavenProject.OrangeHrmLogin@57cf54e1]" started-at="2022-03-14T01:38:32 IST" name="Teardown" finished-at="2022-03-14T01:38:35 IST" duration-ms="3358" status="PASS">
          <reporter-output>
          </reporter-output>
        </test-method> <!-- Teardown -->
      </class> <!-- firstMavenProject.OrangeHrmLogin -->
    </test> <!-- Default test -->
  </suite> <!-- Default suite -->
</testng-results>
